-------------------------------------------------------------------------------
Test set: BaseTest
-------------------------------------------------------------------------------
Tests run: 1, Failures: 1, Errors: 0, Skipped: 0, Time elapsed: 0.016 s <<< FAILURE! - in BaseTest
equals3and3  Time elapsed: 0.016 s  <<< FAILURE!
java.lang.AssertionError: expected:<4> but was:<3>
	at BaseTest.equals3and3(BaseTest.java:24)

